make all --print-data-base --no-builtin-variables --no-builtin-rules --question
make: *** No rule to make target 'all'.  Stop.
 
# GNU Make 4.3
# Built for x86_64-pc-linux-gnu
# Copyright (C) 1988-2020 Free Software Foundation, Inc.
# License GPLv3+: GNU GPL version 3 or later <http://gnu.org/licenses/gpl.html>
# This is free software: you are free to change and redistribute it.
# There is NO WARRANTY, to the extent permitted by law.

# Make data base, printed on Sun Dec  5 13:17:49 2021

# Variables

# environment
GDK_BACKEND = x11
# environment
LC_ALL = C
# environment
NO_AT_BRIDGE = 1
# environment
GJS_DEBUG_OUTPUT = stderr
# environment
VSCODE_IPC_HOOK_EXTHOST = /run/user/1000/vscode-ipc-9ce5a2ac-8cfb-4d3e-a128-315492a62238.sock
# environment
VSCODE_CWD = /home/petercao
# environment
WINDOWPATH = 2
# environment
LESS_TERMCAP_me = [0m
# environment
CAML_LD_LIBRARY_PATH = /home/petercao/.opam/cs3110-2021fa/lib/stublibs:/home/petercao/.opam/cs3110-2021fa/lib/ocaml/stublibs:/home/petercao/.opam/cs3110-2021fa/lib/ocaml
# environment
GDM_LANG = en_US.utf8
# default
MAKE_COMMAND := make
# environment
GTK3_MODULES = xapp-gtk3-module
# automatic
@D = $(patsubst %/,%,$(dir $@))
# environment
VSCODE_BROWSER_CODE_LOADING = bypassHeatCheck
# environment
VSCODE_HANDLES_UNCAUGHT_ERRORS = true
# default
.VARIABLES := 
# environment
PWD = /home/petercao/CornellTextbooks/21 Fall/CS 3110 - Data Structures and Functional Programmin/rathunt-backend
# automatic
%D = $(patsubst %/,%,$(dir $%))
# environment
LSCOLORS = Gxfxcxdxbxegedabagacad
# environment
MAIL = /var/spool/mail/petercao
# environment
XDG_DATA_DIRS = /home/petercao/.local/share/flatpak/exports/share:/var/lib/flatpak/exports/share:/usr/local/share/:/usr/share/:/var/lib/snapd/desktop
# environment
OLDPWD = /home/petercao
# automatic
^D = $(patsubst %/,%,$(dir $^))
# environment
VSCODE_LOG_STACK = true
# automatic
%F = $(notdir $%)
# environment
VSCODE_CODE_CACHE_PATH = /home/petercao/.config/Code - Insiders/CachedData/e437d424c5e6de97632f5513229c7ebc2cf27a32
# environment
LANG = C
# environment
XAUTHORITY = /run/user/1000/gdm/Xauthority
# default
.LOADED := 
# environment
LESS_TERMCAP_md = [01;32m
# default
.INCLUDE_DIRS = /usr/include /usr/local/include /usr/include
# makefile
MAKEFLAGS = pqrR
# environment
PKG_CONFIG_PATH = /home/petercao/.opam/cs3110-2021fa/lib/pkgconfig:
# environment
LESS_TERMCAP_so = [01;47;34m
# makefile
CURDIR := /home/petercao/CornellTextbooks/21 Fall/CS 3110 - Data Structures and Functional Programmin/rathunt-backend
# environment
VSCODE_PIPE_LOGGING = true
# environment
APPLICATION_INSIGHTS_NO_DIAGNOSTIC_CHANNEL = true
# environment
ZSH_TMUX_TERM = screen
# automatic
*D = $(patsubst %/,%,$(dir $*))
# environment
LESS_TERMCAP_ue = [0m
# environment
MFLAGS = -pqrR
# environment
SSH_AUTH_SOCK = /run/user/1000/keyring/ssh
# default
.SHELLFLAGS := -c
# environment
_ZSH_TMUX_FIXED_CONFIG = /home/petercao/.oh-my-zsh/plugins/tmux/tmux.only.conf
# automatic
+D = $(patsubst %/,%,$(dir $+))
# environment
P9K_SSH = 0
# environment
XDG_SESSION_DESKTOP = gnome-xorg
# environment
VSCODE_CRASH_REPORTER_START_OPTIONS = {"companyName":"Microsoft","productName":"VSCode","submitURL":"appcenter://code-insiders?aid=a04472a4-f4ea-4854-bf12-95bb0f2dd01a&uid=5289d3b0-e0b0-4486-bccc-8b3c2a55e9e4&iid=5289d3b0-e0b0-4486-bccc-8b3c2a55e9e4&sid=5289d3b0-e0b0-4486-bccc-8b3c2a55e9e4","uploadToServer":true}
# makefile (from 'Makefile', line 1)
MAKEFILE_LIST := Makefile
# automatic
@F = $(notdir $@)
# environment
OCAML_TOPLEVEL_PATH = /home/petercao/.opam/cs3110-2021fa/lib/toplevel
# environment
ZSH = /home/petercao/.oh-my-zsh
# environment
LC_COLLATE = C
# environment
VSCODE_VERBOSE_LOGGING = true
# environment
VSCODE_PID = 553307
# environment
XDG_SESSION_TYPE = x11
# automatic
?D = $(patsubst %/,%,$(dir $?))
# environment
SESSION_MANAGER = local/pete:@/tmp/.ICE-unix/1831,unix/pete:/tmp/.ICE-unix/1831
# automatic
*F = $(notdir $*)
# environment
MANPATH = :/home/petercao/.opam/cs3110-2021fa/man
# environment
QT_QPA_PLATFORMTHEME = gnome
# environment
CHROME_DESKTOP = code-insiders-url-handler.desktop
# environment
DBUS_SESSION_BUS_ADDRESS = unix:path=/run/user/1000/bus
# automatic
<D = $(patsubst %/,%,$(dir $<))
# environment
VSCODE_NLS_CONFIG = {"locale":"en-us","availableLanguages":{},"_languagePackSupport":true}
# environment
BREAKPAD_DUMP_LOCATION = /home/petercao/.config/Code - Insiders/exthost Crash Reports
# default
MAKE_HOST := x86_64-pc-linux-gnu
# environment
ANDROID_HOME = /opt/android-sdk
# makefile
SHELL = /bin/sh
# environment
LESS_TERMCAP_us = [01;36m
# default
MAKECMDGOALS := all
# environment
XMODIFIERS = @im=ibus
# environment
GJS_DEBUG_TOPICS = JS ERROR;JS LOG
# environment
SHLVL = 0
# environment
MAKELEVEL := 0
# default
MAKE = $(MAKE_COMMAND)
# environment
FLUTTER_HOME = /opt/flutter
# environment
PATH = /home/petercao/.opam/cs3110-2021fa/bin:/home/petercao/.local/bin:/home/petercao/.local/bin:/usr/local/bin:/usr/bin:/var/lib/snapd/snap/bin:/usr/local/sbin:/opt/android-sdk/platform-tools:/opt/android-sdk/tools:/opt/android-sdk/tools/bin:/var/lib/flatpak/exports/bin:/opt/flutter/bin:/usr/lib/jvm/default/bin:/usr/bin/site_perl:/usr/bin/vendor_perl:/usr/bin/core_perl:/opt/android-sdk/platform-tools:/opt/android-sdk/tools:/opt/android-sdk/tools/bin:/opt/flutter/bin:/usr/lib/jvm/default/bin
# environment
LESS_TERMCAP_se = [0m
# default
MAKEFILES := 
# environment
MOTD_SHOWN = pam
# automatic
^F = $(notdir $^)
# environment
VIRTUAL_ENV_DISABLE_PROMPT = 1
# environment
LESS_TERMCAP_mb = [01;32m
# environment
INVOCATION_ID = 4fae6b7e6b664f06b0d98006fc050695
# environment
VSCODE_LOG_NATIVE = false
# environment
USERNAME = petercao
# automatic
?F = $(notdir $?)
# environment
OCAML_LSP_SERVER_LOG = -
# environment
XDG_CURRENT_DESKTOP = GNOME
# environment
LS_COLORS = 
# automatic
+F = $(notdir $+)
# environment
LESS = -R
# environment
DESKTOP_SESSION = gnome-xorg
# environment
ORIGINAL_XDG_CURRENT_DESKTOP = GNOME
# 'override' directive
GNUMAKEFLAGS := 
# environment
OPAMNOENVNOTICE = true
# environment
LOGNAME = petercao
# environment
GIO_LAUNCHED_DESKTOP_FILE = /usr/share/applications/visual-studio-code-insiders.desktop
# makefile
.DEFAULT_GOAL := run
# environment
SYSTEMD_EXEC_PID = 1848
# environment
EDITOR = /usr/bin/nano
# environment
DISPLAY = :0
# environment
USER = petercao
# default
MAKE_VERSION := 4.3
# environment
MANAGERPID = 1755
# environment
OPAM_SWITCH_PREFIX = /home/petercao/.opam/cs3110-2021fa
# environment
GIO_LAUNCHED_DESKTOP_FILE_PID = 553307
# environment
QT_STYLE_OVERRIDE = kvantum
# environment
PAGER = less
# environment
_ = /usr/bin/make
# environment
XDG_RUNTIME_DIR = /run/user/1000
# environment
JOURNAL_STREAM = 8:12018
# environment
XDG_SESSION_CLASS = user
# environment
VSCODE_AMD_ENTRYPOINT = vs/workbench/services/extensions/node/extensionHostProcess
# environment
HOME = /home/petercao
# environment
QT_IM_MODULE = ibus
# environment
ELECTRON_RUN_AS_NODE = 1
# environment
VSCODE_IPC_HOOK = /run/user/1000/vscode-fcd0da75-1.59.0-insider-main.sock
# environment
HG = /usr/bin/hg
# default
.RECIPEPREFIX := 
# automatic
<F = $(notdir $<)
# default
SUFFIXES := 
# environment
QT_AUTO_SCREEN_SCALE_FACTOR = 1
# environment
LS_OPTIONS = --color=auto
# default
.FEATURES := target-specific order-only second-expansion else-if shortest-stem undefine oneshell nocomment grouped-target extra-prereqs archives jobserver output-sync check-symlink guile load
# environment
XDG_MENU_PREFIX = gnome-
# environment
GDMSESSION = gnome-xorg
# environment
PKGFILE_PROMPT_INSTALL_MISSING = 1
# variable set hash-table stats:
# Load=129/1024=13%, Rehash=0, Collisions=17/159=11%

# Pattern-specific Variable Values

# No pattern-specific variable values.

# Directories

# . (device 66312, inode 14318000): 13 files, no impossibilities.

# 13 files, no impossibilities in 1 directories.

# Implicit Rules

# No implicit rules.

# Files

debug:
#  Implicit rule search has not been done.
#  Modification time never checked.
#  File has not been updated.
#  recipe to execute (from 'Makefile', line 5):
	dune exec bin/app.exe -- --debug

# Not a target:
Makefile:
#  Implicit rule search has been done.
#  Last modified 2021-11-10 22:50:51.541031975
#  File has been updated.
#  Successfully updated.

# Not a target:
.DEFAULT:
#  Implicit rule search has not been done.
#  Modification time never checked.
#  File has not been updated.

# Not a target:
all:
#  Command line target.
#  Implicit rule search has been done.
#  File does not exist.
#  File has not been updated.

run:
#  Implicit rule search has not been done.
#  Modification time never checked.
#  File has not been updated.
#  recipe to execute (from 'Makefile', line 2):
	dune exec bin/app.exe

# files hash-table stats:
# Load=6/1024=1%, Rehash=0, Collisions=0/16=0%
# VPATH Search Paths

# No 'vpath' search paths.

# No general ('VPATH' variable) search path.

# strcache buffers: 1 (0) / strings = 20 / storage = 165 B / avg = 8 B
# current buf: size = 8162 B / used = 165 B / count = 20 / avg = 8 B

# strcache performance: lookups = 26 / hit rate = 23%
# hash-table stats:
 
# Load=20/8192=0%, Rehash=0, Collisions=0/26=0%
# Finished Make data base on Sun Dec  5 13:17:49 2021

 
